[LOG] Manager::init                            : maxchannels = 1024 studioflags = 00000009 flags 00000000 extradriverdata 0000000000000000.
[LOG] SystemI::init                            : FMOD Studio Version: 00010905 (87612)
[LOG] SystemI::init                            : maxchannels = 1024, flags = 00030000, extradriverdata = 0000000000000000
[LOG] SystemI::setOutputInternal               : Setting output to type 0
[LOG] SystemI::setOutputInternal               : Setting output to type 8
[LOG] SystemI::setOutputInternal               : Setting output to type 8
[LOG] OutputWASAPI::init                       : Mix Format (WAVEFORMATEX): wFormatTag=0xFFFE, nChannels=2, nSamplesPerSec=48000, nAvgBytesPerSec=384000, nBlockAlign=8, wBitsPerSample=32, cbSize=22.
[LOG] OutputWASAPI::init                       : Mix Format (WAVEFORMATEXTENSIBLE): wValidBitsPerSample=32, dwChannelMask=0x00000003, SubFormat=00000003-0000-0010-8000-00AA00389B71.
[LOG] OutputWASAPI::init                       : Output buffer size: 4096 samples, latency: 0.00ms, period: 10.00ms, DSP buffer: 1024 * 4
[LOG] SystemI::init                            : Create master channel group and master sound group.
[LOG] SystemI::init                            : Set up emulated output.  1024 channels
[LOG] SystemI::init                            : create the channel pool
[LOG] SystemI::init                            : create the stream thread
[LOG] Thread::initThread                       : Init FMOD stream thread. Priority: 2, Stack Size: 65536, Semaphore: No, Sleep Time: 10, Looping: Yes.
[LOG] SystemI::DSPCodecPoolRegister            : register codec pool for pool type 5
[LOG] Thread::initThread                       : Init FMOD mixer thread. Priority: 3, Stack Size: 49152, Semaphore: No, Sleep Time: 0, Looping: Yes.
<<<<<<< HEAD
[LOG] AsyncManager::init                       : manager 00000000325A08B8 isAsync 1 updatePeriod 0.02
=======
<<<<<<< HEAD
[LOG] AsyncManager::init                       : manager 000000002E3008A8 isAsync 1 updatePeriod 0.02
=======
[LOG] AsyncManager::init                       : manager 000000000F8815D8 isAsync 1 updatePeriod 0.02
>>>>>>> 30d9dc3ebee7b7aa06d122f8f2a62a171d178b2d
>>>>>>> 2c83db49f8243da1fa11ba915f89712a0c99f661
[LOG] Thread::initThread                       : Init FMOD Studio update thread. Priority: 0, Stack Size: 65536, Semaphore: No, Sleep Time: 1, Looping: No.
[LOG] AsyncManager::init                       : done
[LOG] PlaybackSystem::init                     : 
[LOG] Thread::initThread                       : Init FMOD Studio sample load thread. Priority: 0, Stack Size: 65536, Semaphore: No, Sleep Time: 1, Looping: No.
[LOG] PlaybackSystem::init                     : done
[LOG] LiveUpdate::init                         : 
[LOG] Thread::initThread                       : Init FMOD Studio bank load thread. Priority: 0, Stack Size: 65536, Semaphore: No, Sleep Time: 1, Looping: No.
[LOG] Manager::init                            : done.
[LOG] Profile::init                            : Profiler listening on port: 9264
[LOG] Manager::readBank                        : fileversion = 88, compatVersion = 86 (oldest = 44, newest = 88)
[LOG] Manager::readBank                        : fileversion = 88, compatVersion = 86 (oldest = 44, newest = 88)
[LOG] PlaybackSystem::acquireMasterBus         : Setting master channel group format to 6
[LOG] Manager::readBank                        : fileversion = 88, compatVersion = 86 (oldest = 44, newest = 88)
[LOG] Manager::readBank                        : fileversion = 88, compatVersion = 86 (oldest = 44, newest = 88)
[LOG] SystemI::createSound                     : filename = E:/3rd_git/ToolsManager/DWWork/Assets/StreamingAssets/Audio/Music.bytes : mode 02012082
[LOG] SystemI::createSound                     : FMOD_NONBLOCKING specified.  Putting into queue to be opened asynchronously!
[LOG] Thread::initThread                       : Init FMOD nonblocking thread (0). Priority: 1, Stack Size: 81920, Semaphore: Yes, Sleep Time: 0, Looping: Yes.
<<<<<<< HEAD
[LOG] SystemI::createSound                     : setdata soundi = 000000002206CF08 : node = 00000000120D9A70
[LOG] SystemI::createSound                     : add node to async list : head = 00000000221D8398.  list count = 0
[LOG] AsyncThread::threadFunc                  : Starting Asynchronous operation on sound 000000002206CF08
=======
<<<<<<< HEAD
[LOG] SystemI::createSound                     : setdata soundi = 000000001282CED8 : node = 000000002E49E6B0
[LOG] SystemI::createSound                     : add node to async list : head = 00000000377F6378.  list count = 0
[LOG] AsyncThread::threadFunc                  : Starting Asynchronous operation on sound 000000001282CED8
[LOG] SystemI::createSoundInternal             :     filename = D:/MyDll/mygit/ToolsManager/DWWork/Assets/StreamingAssets/Audio/Music.bytes : mode 02012082
=======
[LOG] SystemI::createSound                     : setdata soundi = 0000000031B6B228 : node = 0000000012CC4C70
[LOG] SystemI::createSound                     : add node to async list : head = 000000002CEB3248.  list count = 0
[LOG] AsyncThread::threadFunc                  : Starting Asynchronous operation on sound 0000000031B6B228
>>>>>>> 2c83db49f8243da1fa11ba915f89712a0c99f661
[LOG] SystemI::createSoundInternal             :     filename = E:/3rd_git/ToolsManager/DWWork/Assets/StreamingAssets/Audio/Music.bytes : mode 02012082
>>>>>>> 30d9dc3ebee7b7aa06d122f8f2a62a171d178b2d
[LOG] SystemI::createSoundInternal             :     exinfo->cbsize             = 232
[LOG] SystemI::createSoundInternal             :     exinfo->length             = 470464
[LOG] SystemI::createSoundInternal             :     exinfo->fileoffset         = 2432
[LOG] SystemI::createSoundInternal             :     exinfo->numsubsounds       = 1
<<<<<<< HEAD
[LOG] SystemI::createSoundInternal             :     exinfo->inclusionlist      = 00000000120D9B88
=======
<<<<<<< HEAD
[LOG] SystemI::createSoundInternal             :     exinfo->inclusionlist      = 000000002E49E7C8
=======
[LOG] SystemI::createSoundInternal             :     exinfo->inclusionlist      = 0000000012CC4D88
>>>>>>> 30d9dc3ebee7b7aa06d122f8f2a62a171d178b2d
>>>>>>> 2c83db49f8243da1fa11ba915f89712a0c99f661
[LOG] SystemI::createSoundInternal             :     exinfo->inclusionlistnum   = 1
[LOG] SystemI::createSoundInternal             :     exinfo->suggestedsoundtype = 5
[LOG] SystemI::createSoundInternal             :     Format has 1 subsounds.
[LOG] SystemI::createSoundInternal             :     Create as FMOD_CREATESTREAM
[LOG] System::createSoundInternal              :     decode buffersize = 19200 : blocksize = 256 : format = 2
[LOG] SystemI::createSample                    :     mode 02012082 length 19200 samples, lengthbytes 289920
[LOG] SystemI::createSample                    :     channels = 2
<<<<<<< HEAD
[LOG] SystemI::createSample                    :     output = 00000000321C77F8
=======
<<<<<<< HEAD
[LOG] SystemI::createSample                    :     output = 00000000381D3278
=======
[LOG] SystemI::createSample                    :     output = 00000000420D7148
>>>>>>> 30d9dc3ebee7b7aa06d122f8f2a62a171d178b2d
>>>>>>> 2c83db49f8243da1fa11ba915f89712a0c99f661
[LOG] OutputSoftware::createSample             :     lengthpcm 19200, lengthbytes 289920, channels 2, format 2, freq 48000, mode 0201208a
[LOG] System::createSoundInternal              :     1 subsounds detected.
[LOG] System::createSoundInternal              :     Seek stream to start
[LOG] System::createSoundInternal              :     switch file handle from small blocking single buffered to large nonblocking doublebuffered.
[LOG] Thread::initThread                       :         Init FMOD file thread. Priority: 1, Stack Size: 16384, Semaphore: No, Sleep Time: 10, Looping: Yes.
[LOG] SystemI::createSoundInternal             :     done.  OpenState now = FMOD_OPENSTATE_READY.

<<<<<<< HEAD
[LOG] AsyncThread::threadFunc                  : Finished Asynchronous operation on sound 000000002206CF08
[LOG] SoundI::getSubSound                      : sound 000000002206CF08.  Subsound index 0 / 1
=======
<<<<<<< HEAD
[LOG] AsyncThread::threadFunc                  : Finished Asynchronous operation on sound 000000001282CED8
[LOG] SoundI::getSubSound                      : sound 000000001282CED8.  Subsound index 0 / 1
[LOG] SoundI::getSubSound                      : starting non blocking seek and setting sound to not ready state
[LOG] AsyncThread::threadFunc                  : Starting Asynchronous operation on sound 000000001282D088
[LOG] AsyncThread::threadFunc                  :     done setposition
[LOG] SoundI::getSubSound                      :     finished preparing nonblocking getSubSound seek
[LOG] AsyncThread::threadFunc                  :     done flush
[LOG] AsyncThread::threadFunc                  : Finished Asynchronous operation on sound 000000001282D088
[LOG] AsyncThread::threadFunc                  : Starting Asynchronous operation on sound 000000001282D088
[LOG] AsyncThread::threadFunc                  : Finished Asynchronous operation on sound 000000001282D088
[LOG] SystemI::createSoundInternal             : filename =  : mode 02000202
[LOG] SystemI::createSoundInternal             : exinfo->cbsize             = 232
[LOG] SystemI::createSoundInternal             : exinfo->length             = 406496
[LOG] SystemI::createSoundInternal             : exinfo->fileoffset         = 22560
[LOG] SystemI::createSoundInternal             : exinfo->numsubsounds       = 1
[LOG] SystemI::createSoundInternal             : exinfo->inclusionlist      = 000000007112FBF8
[LOG] SystemI::createSoundInternal             : exinfo->inclusionlistnum   = 1
[LOG] SystemI::createSoundInternal             : exinfo->suggestedsoundtype = 5
[LOG] SystemI::createSoundInternal             : exinfo->useropen           = 00007FFCF06B6B30
[LOG] SystemI::createSoundInternal             : exinfo->userclose          = 00007FFCF06B6B00
[LOG] SystemI::createSoundInternal             : exinfo->userread           = 00007FFCF06B6C00
[LOG] SystemI::createSoundInternal             : exinfo->userseek           = 00007FFCF06B6CB0
[LOG] SystemI::createSoundInternal             : exinfo->fileuserdata       = 0000000037F55FB8
[LOG] SystemI::DSPCodecPoolRegister            : register codec pool for pool type 5
[LOG] SystemI::createSoundInternal             : Format has 1 subsounds.
[LOG] SystemI::createSoundInternal             : Create as FMOD_CREATESAMPLE
[LOG] SystemI::createSoundInternal             : Multi-sample sound (1 subsounds), create a sample container.
[LOG] SystemI::createSoundInternal             : creating subsound 0/1
[LOG] SystemI::createSample                    : mode 02000202 length 11284 samples, lengthbytes 1376
[LOG] SystemI::createSample                    : channels = 1
[LOG] SystemI::createSample                    : output = 00000000381D3278
[LOG] OutputSoftware::createSample             : lengthpcm 11284, lengthbytes 1376, channels 1, format 2, freq 48000, mode 0200020a
[LOG] SystemI::createSoundInternal             : No name found in file, use filename.
[LOG] SystemI::createSoundInternal             : done.  OpenState now = FMOD_OPENSTATE_READY.

[LOG] SystemI::createSound                     : filename = D:/MyDll/mygit/ToolsManager/DWWork/Assets/StreamingAssets/Audio/Music.bytes : mode 02012082
[LOG] SystemI::createSound                     : FMOD_NONBLOCKING specified.  Putting into queue to be opened asynchronously!
[LOG] SystemI::createSound                     : setdata soundi = 000000001282D238 : node = 000000002E49EAA0
[LOG] SystemI::createSound                     : add node to async list : head = 00000000377F6378.  list count = 0
[LOG] AsyncThread::threadFunc                  : Starting Asynchronous operation on sound 000000001282D238
[LOG] SystemI::createSoundInternal             :     filename = D:/MyDll/mygit/ToolsManager/DWWork/Assets/StreamingAssets/Audio/Music.bytes : mode 02012082
[LOG] SystemI::createSoundInternal             :     exinfo->cbsize             = 232
[LOG] SystemI::createSoundInternal             :     exinfo->length             = 470464
[LOG] SystemI::createSoundInternal             :     exinfo->fileoffset         = 2432
[LOG] SystemI::createSoundInternal             :     exinfo->numsubsounds       = 1
[LOG] SystemI::createSoundInternal             :     exinfo->inclusionlist      = 000000002E49EBB8
[LOG] SystemI::createSoundInternal             :     exinfo->inclusionlistnum   = 1
[LOG] SystemI::createSoundInternal             :     exinfo->suggestedsoundtype = 5
[LOG] Manager::readBank                        :     fileversion = 88, compatVersion = 86 (oldest = 44, newest = 88)
[LOG] SystemI::createSoundInternal             :     Format has 1 subsounds.
[LOG] SystemI::createSoundInternal             :     Create as FMOD_CREATESTREAM
[LOG] System::createSoundInternal              :     decode buffersize = 19200 : blocksize = 256 : format = 2
[LOG] SystemI::createSample                    :     mode 02012082 length 19200 samples, lengthbytes 179968
[LOG] SystemI::createSample                    :     channels = 2
[LOG] SystemI::createSample                    :     output = 00000000381D3278
[LOG] OutputSoftware::createSample             :     lengthpcm 19200, lengthbytes 179968, channels 2, format 2, freq 48000, mode 0201208a
[LOG] System::createSoundInternal              :     1 subsounds detected.
[LOG] System::createSoundInternal              :     Seek stream to start
[LOG] System::createSoundInternal              :     switch file handle from small blocking single buffered to large nonblocking doublebuffered.
[LOG] SystemI::createSoundInternal             :     done.  OpenState now = FMOD_OPENSTATE_READY.

[LOG] AsyncThread::threadFunc                  : Finished Asynchronous operation on sound 000000001282D238
[LOG] SoundI::getSubSound                      : sound 000000001282D238.  Subsound index 0 / 1
[LOG] SoundI::getSubSound                      : starting non blocking seek and setting sound to not ready state
[LOG] SoundI::getSubSound                      : finished preparing nonblocking getSubSound seek
[LOG] AsyncThread::threadFunc                  : Starting Asynchronous operation on sound 000000002E507168
[LOG] AsyncThread::threadFunc                  :     done setposition
[LOG] AsyncThread::threadFunc                  :     done flush
[LOG] AsyncThread::threadFunc                  : Finished Asynchronous operation on sound 000000002E507168
[LOG] AsyncThread::threadFunc                  : Starting Asynchronous operation on sound 000000002E507168
[LOG] Manager::readBank                        :     fileversion = 88, compatVersion = 86 (oldest = 44, newest = 88)
[LOG] AsyncThread::threadFunc                  : Finished Asynchronous operation on sound 000000002E507168
[LOG] SoundI::release                          : backMusic (000000001282CED8)
[LOG] SoundI::release                          : remove stream samples. (000000001282CED8)
[LOG] SoundI::release                          :     backMusic (00000000377F6568)
[LOG] SoundI::release                          :     done
[LOG] SoundI::release                          : release subsounds. (000000001282CED8)
[LOG] SoundI::release                          :     backMusic (000000001282D088)
[LOG] SoundI::release                          :     done
[LOG] SoundI::release                          : release codec. (000000001282CED8)
[LOG] SoundI::release                          : done
[LOG] SoundI::release                          : backMusic_Room (000000001282D238)
[LOG] SoundI::release                          : remove stream samples. (000000001282D238)
[LOG] SoundI::release                          :     backMusic_Room (00000000377F7FD8)
[LOG] SoundI::release                          :     done
[LOG] SoundI::release                          : release subsounds. (000000001282D238)
[LOG] SoundI::release                          :     backMusic_Room (000000002E507168)
[LOG] SoundI::release                          :     done
[LOG] SoundI::release                          : release codec. (000000001282D238)
[LOG] SoundI::release                          : done
[LOG] SoundI::release                          :  (00000000128B89B8)
[LOG] SoundI::release                          : release subsounds. (00000000128B89B8)
[LOG] SoundI::release                          :     UIclick_1 (000000002E473F38)
[LOG] SoundI::release                          :     done
[LOG] SoundI::release                          : release codec. (00000000128B89B8)
=======
[LOG] AsyncThread::threadFunc                  : Finished Asynchronous operation on sound 0000000031B6B228
[LOG] SoundI::getSubSound                      : sound 0000000031B6B228.  Subsound index 0 / 1
>>>>>>> 2c83db49f8243da1fa11ba915f89712a0c99f661
[LOG] SoundI::getSubSound                      : starting non blocking seek and setting sound to not ready state
[LOG] SoundI::getSubSound                      : finished preparing nonblocking getSubSound seek
[LOG] AsyncThread::threadFunc                  : Starting Asynchronous operation on sound 000000002206D418
[LOG] AsyncThread::threadFunc                  :     done setposition
[LOG] AsyncThread::threadFunc                  :     done flush
[LOG] AsyncThread::threadFunc                  : Finished Asynchronous operation on sound 000000002206D418
[LOG] AsyncThread::threadFunc                  : Starting Asynchronous operation on sound 000000002206D418
[LOG] AsyncThread::threadFunc                  : Finished Asynchronous operation on sound 000000002206D418
[LOG] SoundI::release                          : backMusic (000000002206CF08)
[LOG] SoundI::release                          : remove stream samples. (000000002206CF08)
[LOG] SoundI::release                          :     backMusic (00000000221D8588)
[LOG] SoundI::release                          :     done
[LOG] SoundI::release                          : release subsounds. (000000002206CF08)
[LOG] SoundI::release                          :     backMusic (000000002206D418)
[LOG] SoundI::release                          :     done
<<<<<<< HEAD
[LOG] SoundI::release                          : release codec. (000000002206CF08)
=======
[LOG] SoundI::release                          : release codec. (0000000031B6B228)
>>>>>>> 30d9dc3ebee7b7aa06d122f8f2a62a171d178b2d
>>>>>>> 2c83db49f8243da1fa11ba915f89712a0c99f661
[LOG] SoundI::release                          : done
[LOG] Thread::callback                         : FMOD Studio update thread finished.
[LOG] Thread::callback                         : FMOD Studio bank load thread finished.
[LOG] Profile::disconnectAll                   : Profiler disconnecting all clients
[LOG] Thread::callback                         : FMOD Studio sample load thread finished.
[LOG] LiveUpdate::release                      : 
[LOG] LiveUpdate::reset                        : Reset connection (reason Disconnected)
[LOG] SystemI::close                           : 
[LOG] SystemI::close                           : Stop all sounds
[LOG] Thread::callback                         : FMOD stream thread finished.
[LOG] SystemI::close                           : Stream thread destroyed
[LOG] Thread::callback                         : FMOD mixer thread finished.
[LOG] SystemI::close                           : Free master channel group.
[LOG] SystemI::close                           : Remove 'master' sound group.
[LOG] SystemI::close                           : Free software output.
[LOG] SystemI::close                           : Free emulated output.
[LOG] SystemI::close                           : Free channel pool.
[LOG] Thread::callback                         : FMOD nonblocking thread (0) finished.
[LOG] Thread::callback                         : FMOD file thread finished.
[LOG] SystemI::close                           : done.

